<?xml version="1.0" encoding="UTF-8"?>
<coverage generated="1638232538294" clover="3.2.0">
  <project timestamp="1638232538294" name="All files">
    <metrics statements="6" coveredstatements="6" conditionals="2" coveredconditionals="2" methods="8" coveredmethods="2" elements="16" coveredelements="10" complexity="0" loc="6" ncloc="6" packages="1" files="1" classes="1"/>
    <file name="transformaciones.js" path="/Users/anasosa/Sites/top-v13/projects/nodejs-cli/src/utils/transformaciones.js">
      <metrics statements="6" coveredstatements="6" conditionals="2" coveredconditionals="2" methods="8" coveredmethods="2"/>
      <line num="1" count="2" type="cond" truecount="2" falsecount="0"/>
      <line num="3" count="1" type="stmt"/>
      <line num="5" count="1" type="stmt"/>
      <line num="7" count="1" type="stmt"/>
      <line num="9" count="1" type="stmt"/>
      <line num="11" count="1" type="stmt"/>
    </file>
  </project>
</coverage>
